<?xml version="1.0" encoding="UTF-8"?>
<!-- Generated by org.testng.reporters.JUnitXMLReporter -->
<testsuite ignored="0" hostname="LAPTOP-E7H17V52" failures="1" tests="1" name="UserRegistration" time="0.008" errors="0" timestamp="2023-04-03T09:24:37 IST">
  <testcase classname="com.OrangeHrmTest.UserRegistrationTest" name="UserRegistration" time="0.0">
    <failure type="org.testng.TestNGException" message="
Parameter &amp;apos;userrole&amp;apos; is required by @Test on method UserRegistration but has not been marked @Optional or defined
in C:\java-projects\Java Cocepts Practice\TestNGFrameWork\OrangeHrmTestNG.xml">
      <![CDATA[org.testng.TestNGException: 
Parameter 'userrole' is required by @Test on method UserRegistration but has not been marked @Optional or defined
in C:\java-projects\Java Cocepts Practice\TestNGFrameWork\OrangeHrmTestNG.xml
at java.base/java.util.ArrayList.forEach(ArrayList.java:1511)
... Removed 26 stack frames]]>
    </failure>
  </testcase> <!-- UserRegistration -->
</testsuite> <!-- UserRegistration -->
